2018-09-01 20:02:37,083 P2216 [INFO] ************************************************************
2018-09-01 20:02:37,083 P2216 [INFO] ConfigSet _OnInstanceBoot
2018-09-01 20:02:37,093 P2216 [INFO] ++++++++++++++++++++++++++++++++++++++++++++++++++++++++++++
2018-09-01 20:02:37,093 P2216 [INFO] Config AWSEBBaseConfig
2018-09-01 20:02:37,097 P2216 [INFO] ============================================================
2018-09-01 20:02:37,097 P2216 [INFO] Command clearbackupfiles
2018-09-01 20:02:37,103 P2216 [INFO] Completed successfully.
2018-09-01 20:02:37,117 P2216 [INFO] ++++++++++++++++++++++++++++++++++++++++++++++++++++++++++++
2018-09-01 20:02:37,117 P2216 [INFO] Config AWSEBMessageOfTheDay
2018-09-01 20:02:37,118 P2216 [INFO] ============================================================
2018-09-01 20:02:37,119 P2216 [INFO] Command 01clearoriginal
2018-09-01 20:02:37,125 P2216 [INFO] Completed successfully.
2018-09-01 20:02:37,126 P2216 [INFO] ============================================================
2018-09-01 20:02:37,126 P2216 [INFO] Command 02createbanner
2018-09-01 20:02:37,133 P2216 [INFO] Completed successfully.
2018-09-01 20:02:37,135 P2216 [INFO] ============================================================
2018-09-01 20:02:37,135 P2216 [INFO] Command 03updatebanner
2018-09-01 20:02:37,155 P2216 [INFO] Completed successfully.
2018-09-01 20:02:37,168 P2216 [INFO] ++++++++++++++++++++++++++++++++++++++++++++++++++++++++++++
2018-09-01 20:02:37,168 P2216 [INFO] Config AWSEBULimitConfig
2018-09-01 20:02:37,170 P2216 [INFO] ============================================================
2018-09-01 20:02:37,170 P2216 [INFO] Command 00removebackup
2018-09-01 20:02:37,175 P2216 [INFO] Completed successfully.
2018-09-01 20:02:37,188 P2216 [INFO] ++++++++++++++++++++++++++++++++++++++++++++++++++++++++++++
2018-09-01 20:02:37,188 P2216 [INFO] Config Infra-InstallContainerHooksPkg
2018-09-01 20:02:37,188 P2216 [INFO] ============================================================
2018-09-01 20:02:37,189 P2216 [INFO] Command 00mkdir
2018-09-01 20:02:37,194 P2216 [INFO] Completed successfully.
2018-09-01 20:02:37,195 P2216 [INFO] ============================================================
2018-09-01 20:02:37,196 P2216 [INFO] Command 01download_container_hooks
2018-09-01 20:02:37,452 P2216 [INFO] Completed successfully.
2018-09-01 20:02:37,454 P2216 [INFO] ============================================================
2018-09-01 20:02:37,454 P2216 [INFO] Command 02install_container_hooks
2018-09-01 20:02:37,468 P2216 [INFO] Completed successfully.
2018-09-01 20:02:37,469 P2216 [INFO] ============================================================
2018-09-01 20:02:37,469 P2216 [INFO] Command 03cleanup
2018-09-01 20:02:37,475 P2216 [INFO] Completed successfully.
2018-09-01 20:02:37,487 P2216 [INFO] ++++++++++++++++++++++++++++++++++++++++++++++++++++++++++++
2018-09-01 20:02:37,487 P2216 [INFO] Config Infra-WriteLeaderTestScript
2018-09-01 20:02:37,498 P2216 [INFO] ++++++++++++++++++++++++++++++++++++++++++++++++++++++++++++
2018-09-01 20:02:37,498 P2216 [INFO] Config Infra-WriteTailLogsConf
2018-09-01 20:02:37,508 P2216 [INFO] ++++++++++++++++++++++++++++++++++++++++++++++++++++++++++++
2018-09-01 20:02:37,509 P2216 [INFO] Config Infra-WriteSystemTailLogsConf
2018-09-01 20:02:37,519 P2216 [INFO] ++++++++++++++++++++++++++++++++++++++++++++++++++++++++++++
2018-09-01 20:02:37,520 P2216 [INFO] Config Infra-WriteBundleLogsConf
2018-09-01 20:02:37,530 P2216 [INFO] ++++++++++++++++++++++++++++++++++++++++++++++++++++++++++++
2018-09-01 20:02:37,530 P2216 [INFO] Config Infra-WritePublishLogsConf
2018-09-01 20:02:37,539 P2216 [INFO] ++++++++++++++++++++++++++++++++++++++++++++++++++++++++++++
2018-09-01 20:02:37,539 P2216 [INFO] Config Infra-WritePublishLogsCron
2018-09-01 20:03:20,777 P2672 [INFO] ************************************************************
2018-09-01 20:03:20,777 P2672 [INFO] ConfigSet Infra-EmbeddedPreBuild
2018-09-01 20:03:20,783 P2672 [INFO] ++++++++++++++++++++++++++++++++++++++++++++++++++++++++++++
2018-09-01 20:03:20,784 P2672 [INFO] Config prebuild_0_eye_of_horus_client_app
2018-09-01 20:03:20,793 P2672 [INFO] ++++++++++++++++++++++++++++++++++++++++++++++++++++++++++++
2018-09-01 20:03:20,793 P2672 [INFO] Config prebuild_1_eye_of_horus_client_app
2018-09-01 20:03:36,264 P2907 [INFO] ************************************************************
2018-09-01 20:03:36,264 P2907 [INFO] ConfigSet Infra-EmbeddedPostBuild
2018-09-01 20:21:35,880 P4158 [INFO] ************************************************************
2018-09-01 20:21:35,880 P4158 [INFO] ConfigSet Infra-EmbeddedPreBuild
2018-09-01 20:22:02,187 P4395 [INFO] ************************************************************
2018-09-01 20:22:02,187 P4395 [INFO] ConfigSet Infra-EmbeddedPostBuild
2018-09-03 15:01:34,649 P9430 [INFO] ************************************************************
2018-09-03 15:01:34,649 P9430 [INFO] ConfigSet Infra-EmbeddedPreBuild
2018-09-03 15:02:19,321 P9704 [INFO] ************************************************************
2018-09-03 15:02:19,321 P9704 [INFO] ConfigSet Infra-EmbeddedPostBuild
2018-09-03 15:33:35,916 P10943 [INFO] ************************************************************
2018-09-03 15:33:35,916 P10943 [INFO] ConfigSet Infra-EmbeddedPreBuild
2018-09-03 15:34:22,507 P11200 [INFO] ************************************************************
2018-09-03 15:34:22,507 P11200 [INFO] ConfigSet Infra-EmbeddedPostBuild
2018-09-03 16:13:11,911 P12764 [INFO] ************************************************************
2018-09-03 16:13:11,911 P12764 [INFO] ConfigSet Infra-EmbeddedPreBuild
2018-09-03 16:13:58,340 P13003 [INFO] ************************************************************
2018-09-03 16:13:58,340 P13003 [INFO] ConfigSet Infra-EmbeddedPostBuild
2018-09-03 16:39:08,530 P14077 [INFO] ************************************************************
2018-09-03 16:39:08,530 P14077 [INFO] ConfigSet Infra-EmbeddedPreBuild
2018-09-03 16:39:54,974 P14316 [INFO] ************************************************************
2018-09-03 16:39:54,975 P14316 [INFO] ConfigSet Infra-EmbeddedPostBuild
2018-09-03 20:46:57,497 P22710 [INFO] ************************************************************
2018-09-03 20:46:57,497 P22710 [INFO] ConfigSet Infra-EmbeddedPreBuild
2018-09-03 20:47:45,790 P22965 [INFO] ************************************************************
2018-09-03 20:47:45,790 P22965 [INFO] ConfigSet Infra-EmbeddedPostBuild
2018-09-03 22:34:09,096 P26623 [INFO] ************************************************************
2018-09-03 22:34:09,096 P26623 [INFO] ConfigSet Infra-EmbeddedPreBuild
2018-09-03 22:34:57,475 P26861 [INFO] ************************************************************
2018-09-03 22:34:57,475 P26861 [INFO] ConfigSet Infra-EmbeddedPostBuild
2018-09-03 23:06:06,809 P28179 [INFO] ************************************************************
2018-09-03 23:06:06,809 P28179 [INFO] ConfigSet Infra-EmbeddedPreBuild
2018-09-03 23:06:51,401 P28419 [INFO] ************************************************************
2018-09-03 23:06:51,401 P28419 [INFO] ConfigSet Infra-EmbeddedPostBuild
2018-09-05 05:07:12,081 P20497 [INFO] ************************************************************
2018-09-05 05:07:12,081 P20497 [INFO] ConfigSet Infra-EmbeddedPreBuild
2018-09-05 05:08:06,900 P20773 [INFO] ************************************************************
2018-09-05 05:08:06,900 P20773 [INFO] ConfigSet Infra-EmbeddedPostBuild
2018-09-05 05:16:42,715 P21351 [INFO] ************************************************************
2018-09-05 05:16:42,715 P21351 [INFO] ConfigSet Infra-EmbeddedPreBuild
2018-09-05 05:17:40,196 P21606 [INFO] ************************************************************
2018-09-05 05:17:40,196 P21606 [INFO] ConfigSet Infra-EmbeddedPostBuild
2018-09-05 05:23:02,365 P22057 [INFO] ************************************************************
2018-09-05 05:23:02,365 P22057 [INFO] ConfigSet Infra-EmbeddedPreBuild
2018-09-05 05:23:52,491 P22314 [INFO] ************************************************************
2018-09-05 05:23:52,492 P22314 [INFO] ConfigSet Infra-EmbeddedPostBuild
2018-09-05 05:34:39,013 P22937 [INFO] ************************************************************
2018-09-05 05:34:39,013 P22937 [INFO] ConfigSet Infra-EmbeddedPreBuild
2018-09-05 05:34:58,157 P23172 [INFO] ************************************************************
2018-09-05 05:34:58,157 P23172 [INFO] ConfigSet Infra-EmbeddedPostBuild
2018-09-05 05:37:44,829 P23552 [INFO] ************************************************************
2018-09-05 05:37:44,829 P23552 [INFO] ConfigSet Infra-EmbeddedPreBuild
2018-09-05 05:38:38,077 P23811 [INFO] ************************************************************
2018-09-05 05:38:38,077 P23811 [INFO] ConfigSet Infra-EmbeddedPostBuild
2018-09-05 06:11:57,740 P25215 [INFO] ************************************************************
2018-09-05 06:11:57,740 P25215 [INFO] ConfigSet Infra-EmbeddedPreBuild
2018-09-05 06:13:09,730 P25488 [INFO] ************************************************************
2018-09-05 06:13:09,730 P25488 [INFO] ConfigSet Infra-EmbeddedPostBuild
2018-09-05 06:23:30,121 P26075 [INFO] ************************************************************
2018-09-05 06:23:30,121 P26075 [INFO] ConfigSet Infra-EmbeddedPreBuild
2018-09-05 06:24:40,555 P26334 [INFO] ************************************************************
2018-09-05 06:24:40,555 P26334 [INFO] ConfigSet Infra-EmbeddedPostBuild
2018-09-05 06:45:17,344 P27904 [INFO] ************************************************************
2018-09-05 06:45:17,344 P27904 [INFO] ConfigSet Infra-EmbeddedPreBuild
2018-09-05 06:46:25,499 P28161 [INFO] ************************************************************
2018-09-05 06:46:25,499 P28161 [INFO] ConfigSet Infra-EmbeddedPostBuild
2018-09-05 06:49:40,298 P28551 [INFO] ************************************************************
2018-09-05 06:49:40,299 P28551 [INFO] ConfigSet Infra-EmbeddedPreBuild
2018-09-05 06:50:58,768 P28813 [INFO] ************************************************************
2018-09-05 06:50:58,768 P28813 [INFO] ConfigSet Infra-EmbeddedPostBuild
2018-09-05 07:07:37,283 P29704 [INFO] ************************************************************
2018-09-05 07:07:37,284 P29704 [INFO] ConfigSet Infra-EmbeddedPreBuild
2018-09-05 07:09:01,913 P29962 [INFO] ************************************************************
2018-09-05 07:09:01,913 P29962 [INFO] ConfigSet Infra-EmbeddedPostBuild
2018-09-05 08:16:16,382 P32352 [INFO] ************************************************************
2018-09-05 08:16:16,382 P32352 [INFO] ConfigSet Infra-EmbeddedPreBuild
2018-09-05 08:17:37,288 P32612 [INFO] ************************************************************
2018-09-05 08:17:37,288 P32612 [INFO] ConfigSet Infra-EmbeddedPostBuild
2018-09-05 08:25:28,894 P710 [INFO] ************************************************************
2018-09-05 08:25:28,894 P710 [INFO] ConfigSet Infra-EmbeddedPreBuild
2018-09-05 08:26:03,849 P948 [INFO] ************************************************************
2018-09-05 08:26:03,850 P948 [INFO] ConfigSet Infra-EmbeddedPostBuild
2018-09-05 08:38:18,629 P1626 [INFO] ************************************************************
2018-09-05 08:38:18,630 P1626 [INFO] ConfigSet Infra-EmbeddedPreBuild
2018-09-05 08:39:41,772 P1901 [INFO] ************************************************************
2018-09-05 08:39:41,772 P1901 [INFO] ConfigSet Infra-EmbeddedPostBuild
2018-09-05 15:37:46,452 P15353 [INFO] ************************************************************
2018-09-05 15:37:46,453 P15353 [INFO] ConfigSet Infra-EmbeddedPreBuild
2018-09-05 15:39:29,410 P15631 [INFO] ************************************************************
2018-09-05 15:39:29,411 P15631 [INFO] ConfigSet Infra-EmbeddedPostBuild
2018-09-05 16:02:29,497 P16698 [INFO] ************************************************************
2018-09-05 16:02:29,498 P16698 [INFO] ConfigSet Infra-EmbeddedPreBuild
2018-09-05 16:03:54,667 P16961 [INFO] ************************************************************
2018-09-05 16:03:54,667 P16961 [INFO] ConfigSet Infra-EmbeddedPostBuild
2018-09-05 21:10:38,470 P26840 [INFO] ************************************************************
2018-09-05 21:10:38,470 P26840 [INFO] ConfigSet Infra-EmbeddedPreBuild
2018-09-05 21:11:59,228 P27098 [INFO] ************************************************************
2018-09-05 21:11:59,228 P27098 [INFO] ConfigSet Infra-EmbeddedPostBuild
2018-09-10 22:29:01,302 P29215 [INFO] ************************************************************
2018-09-10 22:29:01,302 P29215 [INFO] ConfigSet Infra-EmbeddedPreBuild
2018-09-10 22:30:25,606 P29514 [INFO] ************************************************************
2018-09-10 22:30:25,606 P29514 [INFO] ConfigSet Infra-EmbeddedPostBuild
2018-09-11 04:07:18,260 P8047 [INFO] ************************************************************
2018-09-11 04:07:18,260 P8047 [INFO] ConfigSet Infra-EmbeddedPreBuild
2018-09-11 04:08:59,254 P8309 [INFO] ************************************************************
2018-09-11 04:08:59,254 P8309 [INFO] ConfigSet Infra-EmbeddedPostBuild
2018-09-11 04:46:04,521 P9735 [INFO] ************************************************************
2018-09-11 04:46:04,521 P9735 [INFO] ConfigSet Infra-EmbeddedPreBuild
2018-09-11 04:46:42,987 P9972 [INFO] ************************************************************
2018-09-11 04:46:43,087 P9972 [INFO] ConfigSet Infra-EmbeddedPostBuild
2018-09-11 05:03:26,911 P10859 [INFO] ************************************************************
2018-09-11 05:03:26,911 P10859 [INFO] ConfigSet Infra-EmbeddedPreBuild
2018-09-11 05:04:53,797 P11120 [INFO] ************************************************************
2018-09-11 05:04:53,797 P11120 [INFO] ConfigSet Infra-EmbeddedPostBuild
2018-09-11 05:29:18,245 P12165 [INFO] ************************************************************
2018-09-11 05:29:18,245 P12165 [INFO] ConfigSet Infra-EmbeddedPreBuild
2018-09-11 05:30:57,803 P12430 [INFO] ************************************************************
2018-09-11 05:30:57,803 P12430 [INFO] ConfigSet Infra-EmbeddedPostBuild
2018-09-11 05:36:57,811 P12907 [INFO] ************************************************************
2018-09-11 05:36:57,811 P12907 [INFO] ConfigSet Infra-EmbeddedPreBuild
2018-09-11 05:38:39,185 P13183 [INFO] ************************************************************
2018-09-11 05:38:39,185 P13183 [INFO] ConfigSet Infra-EmbeddedPostBuild
2018-09-11 05:46:03,091 P13710 [INFO] ************************************************************
2018-09-11 05:46:03,091 P13710 [INFO] ConfigSet Infra-EmbeddedPreBuild
2018-09-11 05:47:56,909 P13972 [INFO] ************************************************************
2018-09-11 05:47:56,909 P13972 [INFO] ConfigSet Infra-EmbeddedPostBuild
2018-09-11 07:12:12,172 P17003 [INFO] ************************************************************
2018-09-11 07:12:12,172 P17003 [INFO] ConfigSet Infra-EmbeddedPreBuild
2018-09-11 07:14:01,053 P17264 [INFO] ************************************************************
2018-09-11 07:14:01,054 P17264 [INFO] ConfigSet Infra-EmbeddedPostBuild
2018-09-11 07:17:59,564 P18038 [INFO] ************************************************************
2018-09-11 07:17:59,565 P18038 [INFO] ConfigSet Infra-EmbeddedPreBuild
2018-09-11 07:19:58,154 P18317 [INFO] ************************************************************
2018-09-11 07:19:58,154 P18317 [INFO] ConfigSet Infra-EmbeddedPostBuild
2018-09-11 16:34:32,577 P3565 [INFO] ************************************************************
2018-09-11 16:34:32,577 P3565 [INFO] ConfigSet Infra-EmbeddedPreBuild
2018-09-11 16:36:29,838 P3877 [INFO] ************************************************************
2018-09-11 16:36:29,839 P3877 [INFO] ConfigSet Infra-EmbeddedPostBuild
2018-09-11 18:55:28,543 P8518 [INFO] ************************************************************
2018-09-11 18:55:28,543 P8518 [INFO] ConfigSet Infra-EmbeddedPreBuild
2018-09-11 18:57:27,956 P8800 [INFO] ************************************************************
2018-09-11 18:57:27,956 P8800 [INFO] ConfigSet Infra-EmbeddedPostBuild
2018-09-11 20:04:42,921 P11298 [INFO] ************************************************************
2018-09-11 20:04:42,921 P11298 [INFO] ConfigSet Infra-EmbeddedPreBuild
2018-09-11 20:06:44,630 P11580 [INFO] ************************************************************
2018-09-11 20:06:44,631 P11580 [INFO] ConfigSet Infra-EmbeddedPostBuild
2018-09-11 20:15:09,339 P12173 [INFO] ************************************************************
2018-09-11 20:15:09,340 P12173 [INFO] ConfigSet Infra-EmbeddedPreBuild
2018-09-11 20:16:29,494 P12430 [INFO] ************************************************************
2018-09-11 20:16:29,494 P12430 [INFO] ConfigSet Infra-EmbeddedPostBuild
2018-09-11 20:28:16,358 P13073 [INFO] ************************************************************
2018-09-11 20:28:16,359 P13073 [INFO] ConfigSet Infra-EmbeddedPreBuild
2018-09-11 20:30:26,447 P13357 [INFO] ************************************************************
2018-09-11 20:30:26,448 P13357 [INFO] ConfigSet Infra-EmbeddedPostBuild
2018-09-11 21:17:26,499 P15161 [INFO] ************************************************************
2018-09-11 21:17:26,499 P15161 [INFO] ConfigSet Infra-EmbeddedPreBuild
2018-09-11 21:19:19,916 P15441 [INFO] ************************************************************
2018-09-11 21:19:19,917 P15441 [INFO] ConfigSet Infra-EmbeddedPostBuild
2018-09-11 21:27:51,781 P15981 [INFO] ************************************************************
2018-09-11 21:27:51,781 P15981 [INFO] ConfigSet Infra-EmbeddedPreBuild
2018-09-11 21:29:50,751 P16259 [INFO] ************************************************************
2018-09-11 21:29:50,751 P16259 [INFO] ConfigSet Infra-EmbeddedPostBuild
2018-09-11 21:32:14,287 P16646 [INFO] ************************************************************
2018-09-11 21:32:14,288 P16646 [INFO] ConfigSet Infra-EmbeddedPreBuild
2018-09-11 21:34:28,465 P16925 [INFO] ************************************************************
2018-09-11 21:34:28,465 P16925 [INFO] ConfigSet Infra-EmbeddedPostBuild
2018-09-11 21:50:25,120 P17737 [INFO] ************************************************************
2018-09-11 21:50:25,120 P17737 [INFO] ConfigSet Infra-EmbeddedPreBuild
2018-09-11 21:52:25,848 P18016 [INFO] ************************************************************
2018-09-11 21:52:25,848 P18016 [INFO] ConfigSet Infra-EmbeddedPostBuild
2018-09-11 22:22:55,738 P19317 [INFO] ************************************************************
2018-09-11 22:22:55,738 P19317 [INFO] ConfigSet Infra-EmbeddedPreBuild
2018-09-11 22:24:24,828 P19593 [INFO] ************************************************************
2018-09-11 22:24:24,829 P19593 [INFO] ConfigSet Infra-EmbeddedPostBuild
2018-09-12 03:53:34,105 P30253 [INFO] ************************************************************
2018-09-12 03:53:34,106 P30253 [INFO] ConfigSet Infra-EmbeddedPreBuild
2018-09-12 03:55:50,531 P30553 [INFO] ************************************************************
2018-09-12 03:55:50,531 P30553 [INFO] ConfigSet Infra-EmbeddedPostBuild
2018-09-12 04:45:56,437 P32480 [INFO] ************************************************************
2018-09-12 04:45:56,437 P32480 [INFO] ConfigSet Infra-EmbeddedPreBuild
2018-09-12 04:48:24,714 P310 [INFO] ************************************************************
2018-09-12 04:48:24,714 P310 [INFO] ConfigSet Infra-EmbeddedPostBuild
2018-09-12 05:00:16,690 P1014 [INFO] ************************************************************
2018-09-12 05:00:16,691 P1014 [INFO] ConfigSet Infra-EmbeddedPreBuild
2018-09-12 05:02:28,375 P1367 [INFO] ************************************************************
2018-09-12 05:02:28,376 P1367 [INFO] ConfigSet Infra-EmbeddedPostBuild
2018-09-12 06:11:39,574 P3857 [INFO] ************************************************************
2018-09-12 06:11:39,574 P3857 [INFO] ConfigSet Infra-EmbeddedPreBuild
2018-09-12 06:13:59,737 P4136 [INFO] ************************************************************
2018-09-12 06:13:59,737 P4136 [INFO] ConfigSet Infra-EmbeddedPostBuild
2018-09-12 06:18:39,696 P4611 [INFO] ************************************************************
2018-09-12 06:18:39,696 P4611 [INFO] ConfigSet Infra-EmbeddedPreBuild
2018-09-12 06:21:20,688 P4910 [INFO] ************************************************************
2018-09-12 06:21:20,688 P4910 [INFO] ConfigSet Infra-EmbeddedPostBuild
2018-09-12 06:37:29,993 P5680 [INFO] ************************************************************
2018-09-12 06:37:29,993 P5680 [INFO] ConfigSet Infra-EmbeddedPreBuild
2018-09-12 06:38:57,907 P5938 [INFO] ************************************************************
2018-09-12 06:38:57,907 P5938 [INFO] ConfigSet Infra-EmbeddedPostBuild
