2018-09-03 20:41:15,327 [INFO] (22498 MainThread) [tailLogs.py-56] [root tailLogs main] Starting tail logs task with batch id b2a5c935-afb9-11e8-9740-a5610107f182
2018-09-03 20:41:15,347 [INFO] (22498 MainThread) [upload_tools.py-293] [root upload_tools execute] Successfully tailed file /var/log/nodejs/nodejs.log
2018-09-03 20:41:15,355 [INFO] (22498 MainThread) [upload_tools.py-293] [root upload_tools execute] Successfully tailed file /var/log/nginx/error.log
2018-09-03 20:41:15,360 [INFO] (22498 MainThread) [upload_tools.py-293] [root upload_tools execute] Successfully tailed file /var/log/eb-activity.log
2018-09-03 20:41:15,372 [INFO] (22498 MainThread) [upload_tools.py-293] [root upload_tools execute] Successfully tailed file /var/log/nginx/access.log
2018-09-03 20:41:15,378 [INFO] (22498 MainThread) [upload_tools.py-293] [root upload_tools execute] Successfully tailed file /var/log/eb-commandprocessor.log
2018-09-03 20:41:15,469 [INFO] (22498 MainThread) [s3_tools.py-208] [root s3_tools _process_result] Received status code 200 with text: 
2018-09-03 20:41:15,469 [INFO] (22498 MainThread) [upload_tools.py-317] [root upload_tools __exit__] Successfully uploaded tailed content for 5 files to s3 at location resources/environments/logs/tail/e-fnb2kberzb/i-09b8fd177925f2007/TailLogs-1536007275378.out
2018-09-03 20:41:15,469 [INFO] (22498 MainThread) [tailLogs.py-92] [root tailLogs main] [Instance: i-09b8fd177925f2007] Successfully finished tailing 5 log(s)
2018-09-11 16:44:47,973 [INFO] (4370 MainThread) [tailLogs.py-56] [root tailLogs main] Starting tail logs task with batch id fd8bd9e4-b5e1-11e8-b0cd-85c1749d998d
2018-09-11 16:44:47,989 [INFO] (4370 MainThread) [upload_tools.py-293] [root upload_tools execute] Successfully tailed file /var/log/nodejs/nodejs.log
2018-09-11 16:44:47,999 [INFO] (4370 MainThread) [upload_tools.py-293] [root upload_tools execute] Successfully tailed file /var/log/nginx/error.log
2018-09-11 16:44:48,005 [INFO] (4370 MainThread) [upload_tools.py-293] [root upload_tools execute] Successfully tailed file /var/log/eb-activity.log
2018-09-11 16:44:48,018 [INFO] (4370 MainThread) [upload_tools.py-293] [root upload_tools execute] Successfully tailed file /var/log/nginx/access.log
2018-09-11 16:44:48,027 [INFO] (4370 MainThread) [upload_tools.py-293] [root upload_tools execute] Successfully tailed file /var/log/eb-commandprocessor.log
2018-09-11 16:44:48,247 [INFO] (4370 MainThread) [s3_tools.py-208] [root s3_tools _process_result] Received status code 200 with text: 
2018-09-11 16:44:48,247 [INFO] (4370 MainThread) [upload_tools.py-317] [root upload_tools __exit__] Successfully uploaded tailed content for 5 files to s3 at location resources/environments/logs/tail/e-fnb2kberzb/i-09b8fd177925f2007/TailLogs-1536684288027.out
2018-09-11 16:44:48,248 [INFO] (4370 MainThread) [tailLogs.py-92] [root tailLogs main] [Instance: i-09b8fd177925f2007] Successfully finished tailing 5 log(s)
2018-09-11 20:55:03,816 [INFO] (14361 MainThread) [tailLogs.py-56] [root tailLogs main] Starting tail logs task with batch id f3b9bad4-b604-11e8-9bc1-61c8ef336754
2018-09-11 20:55:03,827 [INFO] (14361 MainThread) [upload_tools.py-293] [root upload_tools execute] Successfully tailed file /var/log/nodejs/nodejs.log
2018-09-11 20:55:03,836 [INFO] (14361 MainThread) [upload_tools.py-293] [root upload_tools execute] Successfully tailed file /var/log/nginx/error.log
2018-09-11 20:55:03,841 [INFO] (14361 MainThread) [upload_tools.py-293] [root upload_tools execute] Successfully tailed file /var/log/eb-activity.log
2018-09-11 20:55:03,853 [INFO] (14361 MainThread) [upload_tools.py-293] [root upload_tools execute] Successfully tailed file /var/log/nginx/access.log
2018-09-11 20:55:03,859 [INFO] (14361 MainThread) [upload_tools.py-293] [root upload_tools execute] Successfully tailed file /var/log/eb-commandprocessor.log
2018-09-11 20:55:04,009 [INFO] (14361 MainThread) [s3_tools.py-208] [root s3_tools _process_result] Received status code 200 with text: 
2018-09-11 20:55:04,009 [INFO] (14361 MainThread) [upload_tools.py-317] [root upload_tools __exit__] Successfully uploaded tailed content for 5 files to s3 at location resources/environments/logs/tail/e-fnb2kberzb/i-09b8fd177925f2007/TailLogs-1536699303859.out
2018-09-11 20:55:04,009 [INFO] (14361 MainThread) [tailLogs.py-92] [root tailLogs main] [Instance: i-09b8fd177925f2007] Successfully finished tailing 5 log(s)
2018-09-11 21:37:21,011 [INFO] (17269 MainThread) [tailLogs.py-56] [root tailLogs main] Starting tail logs task with batch id dc09d461-b60a-11e8-9bc1-61c8ef336754
2018-09-11 21:37:21,021 [INFO] (17269 MainThread) [upload_tools.py-293] [root upload_tools execute] Successfully tailed file /var/log/nodejs/nodejs.log
2018-09-11 21:37:21,030 [INFO] (17269 MainThread) [upload_tools.py-293] [root upload_tools execute] Successfully tailed file /var/log/nginx/error.log
2018-09-11 21:37:21,035 [INFO] (17269 MainThread) [upload_tools.py-293] [root upload_tools execute] Successfully tailed file /var/log/eb-activity.log
2018-09-11 21:37:21,048 [INFO] (17269 MainThread) [upload_tools.py-293] [root upload_tools execute] Successfully tailed file /var/log/nginx/access.log
2018-09-11 21:37:21,054 [INFO] (17269 MainThread) [upload_tools.py-293] [root upload_tools execute] Successfully tailed file /var/log/eb-commandprocessor.log
2018-09-11 21:37:21,216 [INFO] (17269 MainThread) [s3_tools.py-208] [root s3_tools _process_result] Received status code 200 with text: 
2018-09-11 21:37:21,217 [INFO] (17269 MainThread) [upload_tools.py-317] [root upload_tools __exit__] Successfully uploaded tailed content for 5 files to s3 at location resources/environments/logs/tail/e-fnb2kberzb/i-09b8fd177925f2007/TailLogs-1536701841054.out
2018-09-11 21:37:21,217 [INFO] (17269 MainThread) [tailLogs.py-92] [root tailLogs main] [Instance: i-09b8fd177925f2007] Successfully finished tailing 5 log(s)
2018-09-11 21:54:17,757 [INFO] (18330 MainThread) [tailLogs.py-56] [root tailLogs main] Starting tail logs task with batch id 39eacf4d-b60d-11e8-b672-991ce618159f
2018-09-11 21:54:17,767 [INFO] (18330 MainThread) [upload_tools.py-293] [root upload_tools execute] Successfully tailed file /var/log/nodejs/nodejs.log
2018-09-11 21:54:17,776 [INFO] (18330 MainThread) [upload_tools.py-293] [root upload_tools execute] Successfully tailed file /var/log/nginx/error.log
2018-09-11 21:54:17,782 [INFO] (18330 MainThread) [upload_tools.py-293] [root upload_tools execute] Successfully tailed file /var/log/eb-activity.log
2018-09-11 21:54:17,794 [INFO] (18330 MainThread) [upload_tools.py-293] [root upload_tools execute] Successfully tailed file /var/log/nginx/access.log
2018-09-11 21:54:17,800 [INFO] (18330 MainThread) [upload_tools.py-293] [root upload_tools execute] Successfully tailed file /var/log/eb-commandprocessor.log
2018-09-11 21:54:17,933 [INFO] (18330 MainThread) [s3_tools.py-208] [root s3_tools _process_result] Received status code 200 with text: 
2018-09-11 21:54:17,933 [INFO] (18330 MainThread) [upload_tools.py-317] [root upload_tools __exit__] Successfully uploaded tailed content for 5 files to s3 at location resources/environments/logs/tail/e-fnb2kberzb/i-09b8fd177925f2007/TailLogs-1536702857800.out
2018-09-11 21:54:17,933 [INFO] (18330 MainThread) [tailLogs.py-92] [root tailLogs main] [Instance: i-09b8fd177925f2007] Successfully finished tailing 5 log(s)
2018-09-11 21:59:28,158 [INFO] (18488 MainThread) [tailLogs.py-56] [root tailLogs main] Starting tail logs task with batch id f30bb1a6-b60d-11e8-9bc1-61c8ef336754
2018-09-11 21:59:28,168 [INFO] (18488 MainThread) [upload_tools.py-293] [root upload_tools execute] Successfully tailed file /var/log/nodejs/nodejs.log
2018-09-11 21:59:28,177 [INFO] (18488 MainThread) [upload_tools.py-293] [root upload_tools execute] Successfully tailed file /var/log/nginx/error.log
2018-09-11 21:59:28,183 [INFO] (18488 MainThread) [upload_tools.py-293] [root upload_tools execute] Successfully tailed file /var/log/eb-activity.log
2018-09-11 21:59:28,194 [INFO] (18488 MainThread) [upload_tools.py-293] [root upload_tools execute] Successfully tailed file /var/log/nginx/access.log
2018-09-11 21:59:28,200 [INFO] (18488 MainThread) [upload_tools.py-293] [root upload_tools execute] Successfully tailed file /var/log/eb-commandprocessor.log
2018-09-11 21:59:28,334 [INFO] (18488 MainThread) [s3_tools.py-208] [root s3_tools _process_result] Received status code 200 with text: 
2018-09-11 21:59:28,334 [INFO] (18488 MainThread) [upload_tools.py-317] [root upload_tools __exit__] Successfully uploaded tailed content for 5 files to s3 at location resources/environments/logs/tail/e-fnb2kberzb/i-09b8fd177925f2007/TailLogs-1536703168201.out
2018-09-11 21:59:28,335 [INFO] (18488 MainThread) [tailLogs.py-92] [root tailLogs main] [Instance: i-09b8fd177925f2007] Successfully finished tailing 5 log(s)
2018-09-11 22:27:44,379 [INFO] (19941 MainThread) [tailLogs.py-56] [root tailLogs main] Starting tail logs task with batch id e5f72a17-b611-11e8-9bc1-61c8ef336754
2018-09-11 22:27:44,388 [INFO] (19941 MainThread) [upload_tools.py-293] [root upload_tools execute] Successfully tailed file /var/log/nodejs/nodejs.log
2018-09-11 22:27:44,398 [INFO] (19941 MainThread) [upload_tools.py-293] [root upload_tools execute] Successfully tailed file /var/log/nginx/error.log
2018-09-11 22:27:44,403 [INFO] (19941 MainThread) [upload_tools.py-293] [root upload_tools execute] Successfully tailed file /var/log/eb-activity.log
2018-09-11 22:27:44,414 [INFO] (19941 MainThread) [upload_tools.py-293] [root upload_tools execute] Successfully tailed file /var/log/nginx/access.log
2018-09-11 22:27:44,421 [INFO] (19941 MainThread) [upload_tools.py-293] [root upload_tools execute] Successfully tailed file /var/log/eb-commandprocessor.log
2018-09-11 22:27:44,567 [INFO] (19941 MainThread) [s3_tools.py-208] [root s3_tools _process_result] Received status code 200 with text: 
2018-09-11 22:27:44,567 [INFO] (19941 MainThread) [upload_tools.py-317] [root upload_tools __exit__] Successfully uploaded tailed content for 5 files to s3 at location resources/environments/logs/tail/e-fnb2kberzb/i-09b8fd177925f2007/TailLogs-1536704864421.out
2018-09-11 22:27:44,568 [INFO] (19941 MainThread) [tailLogs.py-92] [root tailLogs main] [Instance: i-09b8fd177925f2007] Successfully finished tailing 5 log(s)
2018-09-11 22:30:23,742 [INFO] (20039 MainThread) [tailLogs.py-56] [root tailLogs main] Starting tail logs task with batch id 44bbba0a-b612-11e8-b672-991ce618159f
2018-09-11 22:30:23,752 [INFO] (20039 MainThread) [upload_tools.py-293] [root upload_tools execute] Successfully tailed file /var/log/nodejs/nodejs.log
2018-09-11 22:30:23,761 [INFO] (20039 MainThread) [upload_tools.py-293] [root upload_tools execute] Successfully tailed file /var/log/nginx/error.log
2018-09-11 22:30:23,767 [INFO] (20039 MainThread) [upload_tools.py-293] [root upload_tools execute] Successfully tailed file /var/log/eb-activity.log
2018-09-11 22:30:23,778 [INFO] (20039 MainThread) [upload_tools.py-293] [root upload_tools execute] Successfully tailed file /var/log/nginx/access.log
2018-09-11 22:30:23,785 [INFO] (20039 MainThread) [upload_tools.py-293] [root upload_tools execute] Successfully tailed file /var/log/eb-commandprocessor.log
2018-09-11 22:30:23,915 [INFO] (20039 MainThread) [s3_tools.py-208] [root s3_tools _process_result] Received status code 200 with text: 
2018-09-11 22:30:23,915 [INFO] (20039 MainThread) [upload_tools.py-317] [root upload_tools __exit__] Successfully uploaded tailed content for 5 files to s3 at location resources/environments/logs/tail/e-fnb2kberzb/i-09b8fd177925f2007/TailLogs-1536705023785.out
2018-09-11 22:30:23,915 [INFO] (20039 MainThread) [tailLogs.py-92] [root tailLogs main] [Instance: i-09b8fd177925f2007] Successfully finished tailing 5 log(s)
2018-09-12 03:58:29,202 [INFO] (30895 MainThread) [tailLogs.py-56] [root tailLogs main] Starting tail logs task with batch id 1a7c35a8-b640-11e8-ad53-19e4731a2f73
2018-09-12 03:58:29,211 [INFO] (30895 MainThread) [upload_tools.py-293] [root upload_tools execute] Successfully tailed file /var/log/nodejs/nodejs.log
2018-09-12 03:58:29,221 [INFO] (30895 MainThread) [upload_tools.py-293] [root upload_tools execute] Successfully tailed file /var/log/nginx/error.log
2018-09-12 03:58:29,226 [INFO] (30895 MainThread) [upload_tools.py-293] [root upload_tools execute] Successfully tailed file /var/log/eb-activity.log
2018-09-12 03:58:29,237 [INFO] (30895 MainThread) [upload_tools.py-293] [root upload_tools execute] Successfully tailed file /var/log/nginx/access.log
2018-09-12 03:58:29,244 [INFO] (30895 MainThread) [upload_tools.py-293] [root upload_tools execute] Successfully tailed file /var/log/eb-commandprocessor.log
2018-09-12 03:58:29,386 [INFO] (30895 MainThread) [s3_tools.py-208] [root s3_tools _process_result] Received status code 200 with text: 
2018-09-12 03:58:29,386 [INFO] (30895 MainThread) [upload_tools.py-317] [root upload_tools __exit__] Successfully uploaded tailed content for 5 files to s3 at location resources/environments/logs/tail/e-fnb2kberzb/i-09b8fd177925f2007/TailLogs-1536724709244.out
2018-09-12 03:58:29,386 [INFO] (30895 MainThread) [tailLogs.py-92] [root tailLogs main] [Instance: i-09b8fd177925f2007] Successfully finished tailing 5 log(s)
2018-09-12 04:00:04,743 [INFO] (30960 MainThread) [tailLogs.py-56] [root tailLogs main] Starting tail logs task with batch id 52f489e2-b640-11e8-ad53-19e4731a2f73
2018-09-12 04:00:04,753 [INFO] (30960 MainThread) [upload_tools.py-293] [root upload_tools execute] Successfully tailed file /var/log/nodejs/nodejs.log
2018-09-12 04:00:04,762 [INFO] (30960 MainThread) [upload_tools.py-293] [root upload_tools execute] Successfully tailed file /var/log/nginx/error.log
2018-09-12 04:00:04,768 [INFO] (30960 MainThread) [upload_tools.py-293] [root upload_tools execute] Successfully tailed file /var/log/eb-activity.log
2018-09-12 04:00:04,779 [INFO] (30960 MainThread) [upload_tools.py-293] [root upload_tools execute] Successfully tailed file /var/log/nginx/access.log
2018-09-12 04:00:04,785 [INFO] (30960 MainThread) [upload_tools.py-293] [root upload_tools execute] Successfully tailed file /var/log/eb-commandprocessor.log
2018-09-12 04:00:04,908 [INFO] (30960 MainThread) [s3_tools.py-208] [root s3_tools _process_result] Received status code 200 with text: 
2018-09-12 04:00:04,908 [INFO] (30960 MainThread) [upload_tools.py-317] [root upload_tools __exit__] Successfully uploaded tailed content for 5 files to s3 at location resources/environments/logs/tail/e-fnb2kberzb/i-09b8fd177925f2007/TailLogs-1536724804786.out
2018-09-12 04:00:04,908 [INFO] (30960 MainThread) [tailLogs.py-92] [root tailLogs main] [Instance: i-09b8fd177925f2007] Successfully finished tailing 5 log(s)
2018-09-12 04:02:25,268 [INFO] (31103 MainThread) [tailLogs.py-56] [root tailLogs main] Starting tail logs task with batch id a743ca56-b640-11e8-ad53-19e4731a2f73
2018-09-12 04:02:25,278 [INFO] (31103 MainThread) [upload_tools.py-293] [root upload_tools execute] Successfully tailed file /var/log/nodejs/nodejs.log
2018-09-12 04:02:25,287 [INFO] (31103 MainThread) [upload_tools.py-293] [root upload_tools execute] Successfully tailed file /var/log/nginx/error.log
2018-09-12 04:02:25,293 [INFO] (31103 MainThread) [upload_tools.py-293] [root upload_tools execute] Successfully tailed file /var/log/eb-activity.log
2018-09-12 04:02:25,304 [INFO] (31103 MainThread) [upload_tools.py-293] [root upload_tools execute] Successfully tailed file /var/log/nginx/access.log
2018-09-12 04:02:25,310 [INFO] (31103 MainThread) [upload_tools.py-293] [root upload_tools execute] Successfully tailed file /var/log/eb-commandprocessor.log
2018-09-12 04:02:25,408 [INFO] (31103 MainThread) [s3_tools.py-208] [root s3_tools _process_result] Received status code 200 with text: 
2018-09-12 04:02:25,409 [INFO] (31103 MainThread) [upload_tools.py-317] [root upload_tools __exit__] Successfully uploaded tailed content for 5 files to s3 at location resources/environments/logs/tail/e-fnb2kberzb/i-09b8fd177925f2007/TailLogs-1536724945311.out
2018-09-12 04:02:25,409 [INFO] (31103 MainThread) [tailLogs.py-92] [root tailLogs main] [Instance: i-09b8fd177925f2007] Successfully finished tailing 5 log(s)
2018-09-12 04:55:40,476 [INFO] (778 MainThread) [tailLogs.py-56] [root tailLogs main] Starting tail logs task with batch id 179f33d4-b648-11e8-ad53-19e4731a2f73
2018-09-12 04:55:40,486 [INFO] (778 MainThread) [upload_tools.py-293] [root upload_tools execute] Successfully tailed file /var/log/nodejs/nodejs.log
2018-09-12 04:55:40,495 [INFO] (778 MainThread) [upload_tools.py-293] [root upload_tools execute] Successfully tailed file /var/log/nginx/error.log
2018-09-12 04:55:40,500 [INFO] (778 MainThread) [upload_tools.py-293] [root upload_tools execute] Successfully tailed file /var/log/eb-activity.log
2018-09-12 04:55:40,511 [INFO] (778 MainThread) [upload_tools.py-293] [root upload_tools execute] Successfully tailed file /var/log/nginx/access.log
2018-09-12 04:55:40,517 [INFO] (778 MainThread) [upload_tools.py-293] [root upload_tools execute] Successfully tailed file /var/log/eb-commandprocessor.log
2018-09-12 04:55:40,678 [INFO] (778 MainThread) [s3_tools.py-208] [root s3_tools _process_result] Received status code 200 with text: 
2018-09-12 04:55:40,679 [INFO] (778 MainThread) [upload_tools.py-317] [root upload_tools __exit__] Successfully uploaded tailed content for 5 files to s3 at location resources/environments/logs/tail/e-fnb2kberzb/i-09b8fd177925f2007/TailLogs-1536728140518.out
2018-09-12 04:55:40,679 [INFO] (778 MainThread) [tailLogs.py-92] [root tailLogs main] [Instance: i-09b8fd177925f2007] Successfully finished tailing 5 log(s)
2018-09-12 05:04:03,105 [INFO] (1666 MainThread) [tailLogs.py-56] [root tailLogs main] Starting tail logs task with batch id 4024525f-b649-11e8-b672-991ce618159f
2018-09-12 05:04:03,115 [INFO] (1666 MainThread) [upload_tools.py-293] [root upload_tools execute] Successfully tailed file /var/log/nodejs/nodejs.log
2018-09-12 05:04:03,232 [INFO] (1666 MainThread) [upload_tools.py-293] [root upload_tools execute] Successfully tailed file /var/log/nginx/error.log
2018-09-12 05:04:03,346 [INFO] (1666 MainThread) [upload_tools.py-293] [root upload_tools execute] Successfully tailed file /var/log/eb-activity.log
2018-09-12 05:04:03,465 [INFO] (1666 MainThread) [upload_tools.py-293] [root upload_tools execute] Successfully tailed file /var/log/nginx/access.log
2018-09-12 05:04:03,471 [INFO] (1666 MainThread) [upload_tools.py-293] [root upload_tools execute] Successfully tailed file /var/log/eb-commandprocessor.log
2018-09-12 05:04:03,990 [INFO] (1666 MainThread) [s3_tools.py-208] [root s3_tools _process_result] Received status code 200 with text: 
2018-09-12 05:04:03,991 [INFO] (1666 MainThread) [upload_tools.py-317] [root upload_tools __exit__] Successfully uploaded tailed content for 5 files to s3 at location resources/environments/logs/tail/e-fnb2kberzb/i-09b8fd177925f2007/TailLogs-1536728643471.out
2018-09-12 05:04:03,991 [INFO] (1666 MainThread) [tailLogs.py-92] [root tailLogs main] [Instance: i-09b8fd177925f2007] Successfully finished tailing 5 log(s)
2018-09-12 06:43:06,519 [INFO] (6323 MainThread) [tailLogs.py-56] [root tailLogs main] Starting tail logs task with batch id 19bd820c-b657-11e8-8dd9-ed31f60761b5
2018-09-12 06:43:06,528 [INFO] (6323 MainThread) [upload_tools.py-293] [root upload_tools execute] Successfully tailed file /var/log/nodejs/nodejs.log
2018-09-12 06:43:06,538 [INFO] (6323 MainThread) [upload_tools.py-293] [root upload_tools execute] Successfully tailed file /var/log/nginx/error.log
2018-09-12 06:43:06,544 [INFO] (6323 MainThread) [upload_tools.py-293] [root upload_tools execute] Successfully tailed file /var/log/eb-activity.log
2018-09-12 06:43:06,556 [INFO] (6323 MainThread) [upload_tools.py-293] [root upload_tools execute] Successfully tailed file /var/log/nginx/access.log
2018-09-12 06:43:06,563 [INFO] (6323 MainThread) [upload_tools.py-293] [root upload_tools execute] Successfully tailed file /var/log/eb-commandprocessor.log
2018-09-12 06:43:06,697 [INFO] (6323 MainThread) [s3_tools.py-208] [root s3_tools _process_result] Received status code 200 with text: 
2018-09-12 06:43:06,697 [INFO] (6323 MainThread) [upload_tools.py-317] [root upload_tools __exit__] Successfully uploaded tailed content for 5 files to s3 at location resources/environments/logs/tail/e-fnb2kberzb/i-09b8fd177925f2007/TailLogs-1536734586563.out
2018-09-12 06:43:06,697 [INFO] (6323 MainThread) [tailLogs.py-92] [root tailLogs main] [Instance: i-09b8fd177925f2007] Successfully finished tailing 5 log(s)
2018-09-12 06:49:55,816 [INFO] (6555 MainThread) [bundleLogs.py-54] [root bundleLogs main] Starting bundle logs task with batch id 0dd0dfdc-b658-11e8-b0cd-85c1749d998d
