[2018-09-01T20:02:32Z] Started EB User Data
+ SLEEP_TIME=10
+ SLEEP_TIME_MAX=3600
+ true
+ curl https://s3.dualstack.us-west-2.amazonaws.com/elasticbeanstalk-env-resources-us-west-2/stalks/eb_node_js_4.0.1.200485.0/lib/UserDataScript.sh
  % Total    % Received % Xferd  Average Speed   Time    Time     Time  Current
                                 Dload  Upload   Total   Spent    Left  Speed
  0     0    0     0    0     0      0      0 --:--:-- --:--:-- --:--:--     0100 12536  100 12536    0     0  47748      0 --:--:-- --:--:-- --:--:-- 47847
+ RESULT=0
+ [[ 0 -ne 0 ]]
+ /bin/bash /tmp/ebbootstrap.sh https://s3.dualstack.us-west-2.amazonaws.com/elasticbeanstalk-env-resources-us-west-2/stalks/eb_node_js_4.0.1.200485.0/lib/aws-elasticbeanstalk-tools-1.20-1.noarch.rpm 'https://s3.dualstack.us-west-2.amazonaws.com/elasticbeanstalk-env-resources-us-west-2/stalks/eb_node_js_4.0.1.200485.0/lib/awseb-ruby-2.2.4-x86_64-20160503_1008.tar.gz https://s3.dualstack.us-west-2.amazonaws.com/elasticbeanstalk-env-resources-us-west-2/stalks/eb_node_js_4.0.1.200485.0/lib/basehooks.tar.gz' 'https://s3.dualstack.us-west-2.amazonaws.com/elasticbeanstalk-env-resources-us-west-2/stalks/eb_node_js_4.0.1.200485.0/lib/beanstalk-core-2.12.gem https://s3.dualstack.us-west-2.amazonaws.com/elasticbeanstalk-env-resources-us-west-2/stalks/eb_node_js_4.0.1.200485.0/lib/beanstalk-core-healthd-1.1.gem https://s3.dualstack.us-west-2.amazonaws.com/elasticbeanstalk-env-resources-us-west-2/stalks/eb_node_js_4.0.1.200485.0/lib/executor-1.2.gem' 'https://cloudformation-waitcondition-us-west-2.s3-us-west-2.amazonaws.com/arn%3Aaws%3Acloudformation%3Aus-west-2%3A970269474306%3Astack/awseb-e-fnb2kberzb-stack/c3df3860-ae21-11e8-b423-06dcf5c4ac1e/AWSEBInstanceLaunchWaitHandle?AWSAccessKeyId=AKIAI5ZDPCT4PV2AKKAA&Expires=1535918471&Signature=SFc63J0MFIjZ7tD9Lzb3Uz%2F94eM%3D' arn:aws:cloudformation:us-west-2:970269474306:stack/awseb-e-fnb2kberzb-stack/c3df3860-ae21-11e8-b423-06dcf5c4ac1e us-west-2 db85d4430b02 e1bf9c35-ff20-4801-8595-599553b52776 '' nginx ''
[2018-09-01T20:02:33.302Z] Started EB Bootstrapping Script.
[2018-09-01T20:02:33.315Z] Received parameters:
 RPMS = https://s3.dualstack.us-west-2.amazonaws.com/elasticbeanstalk-env-resources-us-west-2/stalks/eb_node_js_4.0.1.200485.0/lib/aws-elasticbeanstalk-tools-1.20-1.noarch.rpm
 TARBALLS = https://s3.dualstack.us-west-2.amazonaws.com/elasticbeanstalk-env-resources-us-west-2/stalks/eb_node_js_4.0.1.200485.0/lib/awseb-ruby-2.2.4-x86_64-20160503_1008.tar.gz https://s3.dualstack.us-west-2.amazonaws.com/elasticbeanstalk-env-resources-us-west-2/stalks/eb_node_js_4.0.1.200485.0/lib/basehooks.tar.gz
 EB_GEMS = https://s3.dualstack.us-west-2.amazonaws.com/elasticbeanstalk-env-resources-us-west-2/stalks/eb_node_js_4.0.1.200485.0/lib/beanstalk-core-2.12.gem https://s3.dualstack.us-west-2.amazonaws.com/elasticbeanstalk-env-resources-us-west-2/stalks/eb_node_js_4.0.1.200485.0/lib/beanstalk-core-healthd-1.1.gem https://s3.dualstack.us-west-2.amazonaws.com/elasticbeanstalk-env-resources-us-west-2/stalks/eb_node_js_4.0.1.200485.0/lib/executor-1.2.gem
 SIGNAL_URL = https://cloudformation-waitcondition-us-west-2.s3-us-west-2.amazonaws.com/arn%3Aaws%3Acloudformation%3Aus-west-2%3A970269474306%3Astack/awseb-e-fnb2kberzb-stack/c3df3860-ae21-11e8-b423-06dcf5c4ac1e/AWSEBInstanceLaunchWaitHandle?AWSAccessKeyId=AKIAI5ZDPCT4PV2AKKAA&Expires=1535918471&Signature=SFc63J0MFIjZ7tD9Lzb3Uz%2F94eM%3D
 STACK_ID = arn:aws:cloudformation:us-west-2:970269474306:stack/awseb-e-fnb2kberzb-stack/c3df3860-ae21-11e8-b423-06dcf5c4ac1e
 REGION = us-west-2
 GUID = db85d4430b02
 HEALTHD_GROUP_ID = e1bf9c35-ff20-4801-8595-599553b52776
 HEALTHD_ENDPOINT = 
 PROXY_SERVER = nginx
 HEALTHD_PROXY_LOG_LOCATION =
[2018-09-01T20:02:33.326Z] Synchronizing network time in background.
[2018-09-01T20:02:33.351Z] yum repo has already been locked to db85d4430b02.
[2018-09-01T20:02:33.431Z] yum update has already been done.
Shutting down ntpd: [2018-09-01T20:02:33.534Z] Completed creating AWS EB users and groups.
[2018-09-01T20:02:33.540Z] Started executing install_rpms https://s3.dualstack.us-west-2.amazonaws.com/elasticbeanstalk-env-resources-us-west-2/stalks/eb_node_js_4.0.1.200485.0/lib/aws-elasticbeanstalk-tools-1.20-1.noarch.rpm.
[2018-09-01T20:02:33.546Z] Installing RPM: https://s3.dualstack.us-west-2.amazonaws.com/elasticbeanstalk-env-resources-us-west-2/stalks/eb_node_js_4.0.1.200485.0/lib/aws-elasticbeanstalk-tools-1.20-1.noarch.rpm.
[  OK  ]
[2018-09-01T20:02:33.791Z] aws-elasticbeanstalk-tools-1.20-1.noarch has already been installed. Skip installing.
[2018-09-01T20:02:33.804Z] Command Returned: 
[2018-09-01T20:02:33.813Z] Completed executing install_rpms.
[2018-09-01T20:02:33.823Z] Started executing install_tarballs https://s3.dualstack.us-west-2.amazonaws.com/elasticbeanstalk-env-resources-us-west-2/stalks/eb_node_js_4.0.1.200485.0/lib/awseb-ruby-2.2.4-x86_64-20160503_1008.tar.gz https://s3.dualstack.us-west-2.amazonaws.com/elasticbeanstalk-env-resources-us-west-2/stalks/eb_node_js_4.0.1.200485.0/lib/basehooks.tar.gz.
[2018-09-01T20:02:33.852Z] Installing tarball: https://s3.dualstack.us-west-2.amazonaws.com/elasticbeanstalk-env-resources-us-west-2/stalks/eb_node_js_4.0.1.200485.0/lib/awseb-ruby-2.2.4-x86_64-20160503_1008.tar.gz.
[2018-09-01T20:02:33.856Z] awseb-ruby-2.2.4-x86_64-20160503_1008.tar.gz has already been installed. Skip installing.
[2018-09-01T20:02:33.859Z] Installing tarball: https://s3.dualstack.us-west-2.amazonaws.com/elasticbeanstalk-env-resources-us-west-2/stalks/eb_node_js_4.0.1.200485.0/lib/basehooks.tar.gz.
[2018-09-01T20:02:33.976Z] Command Returned: 

2018-09-01 20:02:33 URL:https://s3.dualstack.us-west-2.amazonaws.com/elasticbeanstalk-env-resources-us-west-2/stalks/eb_node_js_4.0.1.200485.0/lib/basehooks.tar.gz [5878/5878] -> "/tmp/basehooks.tar.gz" [1]
[2018-09-01T20:02:34.988Z] Completed executing install_tarballs.
[2018-09-01T20:02:34.007Z] Started executing install_eb_gems https://s3.dualstack.us-west-2.amazonaws.com/elasticbeanstalk-env-resources-us-west-2/stalks/eb_node_js_4.0.1.200485.0/lib/beanstalk-core-2.12.gem https://s3.dualstack.us-west-2.amazonaws.com/elasticbeanstalk-env-resources-us-west-2/stalks/eb_node_js_4.0.1.200485.0/lib/beanstalk-core-healthd-1.1.gem https://s3.dualstack.us-west-2.amazonaws.com/elasticbeanstalk-env-resources-us-west-2/stalks/eb_node_js_4.0.1.200485.0/lib/executor-1.2.gem.
[2018-09-01T20:02:34.056Z] Installing EB Gem: https://s3.dualstack.us-west-2.amazonaws.com/elasticbeanstalk-env-resources-us-west-2/stalks/eb_node_js_4.0.1.200485.0/lib/beanstalk-core-2.12.gem.
[2018-09-01T20:02:34.574Z] beanstalk-core-2.12 has already been installed. Skip installing.
[2018-09-01T20:02:34.586Z] Installing EB Gem: https://s3.dualstack.us-west-2.amazonaws.com/elasticbeanstalk-env-resources-us-west-2/stalks/eb_node_js_4.0.1.200485.0/lib/beanstalk-core-healthd-1.1.gem.
[2018-09-01T20:02:34.941Z] beanstalk-core-healthd-1.1 has already been installed. Skip installing.
[2018-09-01T20:02:34.953Z] Installing EB Gem: https://s3.dualstack.us-west-2.amazonaws.com/elasticbeanstalk-env-resources-us-west-2/stalks/eb_node_js_4.0.1.200485.0/lib/executor-1.2.gem.
[2018-09-01T20:02:35.306Z] executor-1.2 has already been installed. Skip installing.
[2018-09-01T20:02:35.319Z] Command Returned: 
[2018-09-01T20:02:35.327Z] Completed executing install_eb_gems.
[2018-09-01T20:02:35.337Z] Starting healthd
initctl: Unknown instance: 
healthd start/running, process 2201
[2018-09-01T20:02:35.802Z] First init of instance.
[2018-09-01T20:02:35.816Z] Started executing cfn_init _OnInstanceBoot first_init.
[2018-09-01T20:02:35.834Z] Running cfn-init ConfigSet: _OnInstanceBoot.
[2018-09-01T20:02:37.571Z] Command Returned: 
[2018-09-01T20:02:37.580Z] Completed executing cfn_init.
[2018-09-01T20:02:37.747Z] Check whether controlled by launch workflow...
[2018-09-01T20:02:38.724Z] Worflow running.
[2018-09-01T20:02:38.732Z] Workflow controlled instance. Running container provisioning...
[2018-09-01T20:02:38.744Z] Started executing start_cfn_hup.
[2018-09-01T20:02:38.753Z] Starting cfn-hup.
[2018-09-01T20:02:38.767Z] Command Returned: cfn-hup start/running, process 2279
[2018-09-01T20:02:38.786Z] Completed executing start_cfn_hup.
[2018-09-01T20:02:38.802Z] Started executing run_eb_command { "api_version" : "1.0", "request_id": "0", "command_name": "CMD-PreInit" } .
[2018-09-01T20:02:38.822Z] Running EB Command: { "api_version" : "1.0", "request_id": "0", "command_name": "CMD-PreInit" } .
 1 Sep 20:02:44 ntpdate[2131]: step time server 64.113.44.54 offset 1.830702 sec
Starting ntpd: [  OK  ]
[2018-09-01T20:02:51.834Z] Command Returned: {"status":"SUCCESS","api_version":"1.0","results":[{"status":"SUCCESS","msg":"","returncode":0,"events":[]}]}
[2018-09-01T20:02:51.852Z] Completed executing run_eb_command.
[2018-09-01T20:02:51.855Z] Successfully bootstrapped instance.
[2018-09-01T20:02:52.058Z] Sending signal 0 to CFN wait condition https://cloudformation-waitcondition-us-west-2.s3-us-west-2.amazonaws.com/arn%3Aaws%3Acloudformation%3Aus-west-2%3A970269474306%3Astack/awseb-e-fnb2kberzb-stack/c3df3860-ae21-11e8-b423-06dcf5c4ac1e/AWSEBInstanceLaunchWaitHandle?AWSAccessKeyId=AKIAI5ZDPCT4PV2AKKAA&Expires=1535918471&Signature=SFc63J0MFIjZ7tD9Lzb3Uz%2F94eM%3D
CloudFormation signaled successfully with SUCCESS.
[2018-09-01T20:02:52.761Z] Tailing /var/log/eb-commandprocessor.log

******************* eb-commandprocessor taillog *******************
[2018-09-01T20:02:39.403Z] DEBUG [2289]  : Reading config file: /etc/elasticbeanstalk/.aws-eb-stack.properties
[2018-09-01T20:02:39.403Z] DEBUG [2289]  : Checking if the command processor should execute...
[2018-09-01T20:02:39.410Z] DEBUG [2289]  : Checking whether the command is applicable to instance (i-09b8fd177925f2007)..
[2018-09-01T20:02:39.411Z] INFO  [2289]  : Command is applicable to this instance (i-09b8fd177925f2007)..
[2018-09-01T20:02:39.411Z] DEBUG [2289]  : Checking if the received command stage is valid..
[2018-09-01T20:02:39.411Z] INFO  [2289]  : No stage_num in command. Valid stage..
[2018-09-01T20:02:39.411Z] INFO  [2289]  : Received command CMD-PreInit: {"api_version"=>"1.0", "request_id"=>"0", "command_name"=>"CMD-PreInit"}
[2018-09-01T20:02:39.411Z] INFO  [2289]  : Command processor should execute command.
[2018-09-01T20:02:39.411Z] DEBUG [2289]  : Storing current stage..
[2018-09-01T20:02:39.411Z] DEBUG [2289]  : Stage_num does not exist. Not saving null stage. Returning..
[2018-09-01T20:02:39.411Z] DEBUG [2289]  : Reading config file: /etc/elasticbeanstalk/.aws-eb-stack.properties
[2018-09-01T20:02:39.411Z] DEBUG [2289]  : Retrieving metadata for key: AWS::ElasticBeanstalk::Ext||_ContainerConfigFileContent||commands..
[2018-09-01T20:02:39.417Z] DEBUG [2289]  : Retrieving metadata for key: AWS::ElasticBeanstalk::Ext||_API||_Commands..
[2018-09-01T20:02:39.418Z] INFO  [2289]  : Found enabled addons: ["logpublish", "logstreaming"].
[2018-09-01T20:02:39.421Z] INFO  [2289]  : Updating Command definition of addon logpublish.
[2018-09-01T20:02:39.421Z] INFO  [2289]  : Updating Command definition of addon logstreaming.
[2018-09-01T20:02:39.421Z] DEBUG [2289]  : Refreshing metadata...
[2018-09-01T20:02:39.426Z] DEBUG [2289]  : Using cached environment metadata.
[2018-09-01T20:02:39.426Z] INFO  [2289]  : Recreated directory /opt/elasticbeanstalk/deploy/configuration/.
[2018-09-01T20:02:39.426Z] DEBUG [2289]  : Retrieving metadata for key: AWS::ElasticBeanstalk::Ext||_AppSourceUrlFileContent||url..
[2018-09-01T20:02:39.427Z] INFO  [2289]  : Created appsource url file at /opt/elasticbeanstalk/deploy/configuration/appsourceurl.
[2018-09-01T20:02:39.427Z] DEBUG [2289]  : Retrieving metadata for key: AWS::ElasticBeanstalk::Ext||_ContainerConfigFileContent..
[2018-09-01T20:02:39.433Z] INFO  [2289]  : Created container config file at /opt/elasticbeanstalk/deploy/configuration/containerconfiguration.
[2018-09-01T20:02:39.433Z] DEBUG [2289]  : Retrieving metadata for key: AWS::ElasticBeanstalk::Ext||_ContainerConfigFileContent||commands..
[2018-09-01T20:02:39.435Z] DEBUG [2289]  : Retrieving metadata for key: AWS::ElasticBeanstalk::Ext||_API||_Commands..
[2018-09-01T20:02:39.436Z] INFO  [2289]  : Found enabled addons: ["logpublish", "logstreaming"].
[2018-09-01T20:02:39.441Z] INFO  [2289]  : Updating Command definition of addon logpublish.
[2018-09-01T20:02:39.441Z] INFO  [2289]  : Updating Command definition of addon logstreaming.
[2018-09-01T20:02:39.441Z] DEBUG [2289]  : Retrieving metadata for key: AWS::CloudFormation::Init||Infra-WriteApplication2||files..
[2018-09-01T20:02:39.442Z] DEBUG [2289]  : Retrieving metadata for key: AWS::ElasticBeanstalk::Ext||ManifestFileS3Key..
[2018-09-01T20:02:39.923Z] INFO  [2289]  : Finding latest manifest from bucket 'elasticbeanstalk-us-west-2-970269474306' with prefix 'resources/environments/e-fnb2kberzb/_runtime/versions/manifest_'.
[2018-09-01T20:02:40.174Z] INFO  [2289]  : Found manifest with key 'resources/environments/e-fnb2kberzb/_runtime/versions/manifest_1535832067351'.
[2018-09-01T20:02:40.212Z] INFO  [2289]  : Updated manifest cache: deployment ID 1 and serial 1.
[2018-09-01T20:02:40.213Z] DEBUG [2289]  : Loaded definition of Command CMD-PreInit.
[2018-09-01T20:02:40.213Z] INFO  [2289]  : Executing Initialization
[2018-09-01T20:02:40.214Z] INFO  [2289]  : Executing command: CMD-PreInit...
[2018-09-01T20:02:40.214Z] INFO  [2289]  : Executing command CMD-PreInit activities...
[2018-09-01T20:02:40.214Z] DEBUG [2289]  : Setting environment variables..
[2018-09-01T20:02:40.214Z] INFO  [2289]  : Running AddonsBefore for command CMD-PreInit...
[2018-09-01T20:02:46.061Z] DEBUG [2289]  : Running stages of Command CMD-PreInit from stage 0 to stage 0...
[2018-09-01T20:02:46.061Z] INFO  [2289]  : Running stage 0 of command CMD-PreInit...
[2018-09-01T20:02:46.061Z] DEBUG [2289]  : Loaded 2 actions for stage 0.
[2018-09-01T20:02:46.061Z] INFO  [2289]  : Running 1 of 2 actions: DownloadSourceBundle...
[2018-09-01T20:02:46.628Z] INFO  [2289]  : Running 2 of 2 actions: PreInitHook...
[2018-09-01T20:02:51.801Z] INFO  [2289]  : Running AddonsAfter for command CMD-PreInit...
[2018-09-01T20:02:51.801Z] INFO  [2289]  : Command CMD-PreInit succeeded!
[2018-09-01T20:02:51.802Z] INFO  [2289]  : Command processor returning results: 
{"status":"SUCCESS","api_version":"1.0","results":[{"status":"SUCCESS","msg":"","returncode":0,"events":[]}]}
******************* End of taillog *******************


[2018-09-01T20:02:52.798Z] Tailing /var/log/eb-activity.log

******************* eb-activity taillog *******************
[2018-09-01T20:02:47.693Z] INFO  [2289]  - [Initialization/PreInitStage0/PreInitHook/30directories.sh] : Completed activity. Result:
  ++ /opt/elasticbeanstalk/bin/get-config container -k nodejs_log_dir
  + EB_NODE_LOG_DIR=/var/log/nodejs
  ++ /opt/elasticbeanstalk/bin/get-config container -k app_user
  + EB_APP_USER=nodejs
  ++ /opt/elasticbeanstalk/bin/get-config container -k nodejs_install_dir
  + EB_NODE_INSTALL_DIR=/opt/elasticbeanstalk/node-install
  + mkdir -p /var/log/nodejs
  + chown nodejs /var/log/nodejs
  + mkdir -p /opt/elasticbeanstalk/node-install
[2018-09-01T20:02:47.693Z] INFO  [2289]  - [Initialization/PreInitStage0/PreInitHook/40iptables.sh] : Starting activity...
[2018-09-01T20:02:51.132Z] INFO  [2289]  - [Initialization/PreInitStage0/PreInitHook/40iptables.sh] : Completed activity. Result:
  + /opt/elasticbeanstalk/containerfiles/ebnode.py --action iptables-install
[2018-09-01T20:02:51.133Z] INFO  [2289]  - [Initialization/PreInitStage0/PreInitHook/50logs.sh] : Starting activity...
[2018-09-01T20:02:51.581Z] INFO  [2289]  - [Initialization/PreInitStage0/PreInitHook/50logs.sh] : Completed activity. Result:
  + /opt/elasticbeanstalk/bin/log-conf -n nodejs -l/var/log/nodejs/nodejs.log -f /opt/elasticbeanstalk/containerfiles/nodejs.logrotate.conf
  + /opt/elasticbeanstalk/bin/log-conf -n npm -l/var/log/nodejs/npm-debug.log -t taillogs,systemtaillogs,bundlelogs
  + /opt/elasticbeanstalk/bin/log-conf -nnginx '-l/var/log/nginx/*' -f /opt/elasticbeanstalk/containerfiles/nginx.logrotate.conf
  + /opt/elasticbeanstalk/bin/log-conf -nhttpd '-l/var/log/httpd/*' -f /opt/elasticbeanstalk/containerfiles/httpd.logrotate.conf
[2018-09-01T20:02:51.581Z] INFO  [2289]  - [Initialization/PreInitStage0/PreInitHook/60nginx.sh] : Starting activity...
[2018-09-01T20:02:51.775Z] INFO  [2289]  - [Initialization/PreInitStage0/PreInitHook/60nginx.sh] : Completed activity. Result:
  ++ /opt/elasticbeanstalk/bin/get-config container -k app_user
  + EB_APP_USER=nodejs
  + grep 'Elastic Beanstalk managed configuration file' /etc/nginx/nginx.conf
  + cp /opt/elasticbeanstalk/containerfiles/nginx.conf /etc/nginx/nginx.conf
  + rm -f /etc/logrotate.d/nginx
[2018-09-01T20:02:51.776Z] INFO  [2289]  - [Initialization/PreInitStage0/PreInitHook/70apache_mod_reqtimeout.sh] : Starting activity...
[2018-09-01T20:02:51.783Z] INFO  [2289]  - [Initialization/PreInitStage0/PreInitHook/70apache_mod_reqtimeout.sh] : Completed activity. Result:
  + MOD_REQTIMEOUT_CONFIG=/etc/httpd/conf.d/mod_reqtimeout.conf
  + '[' '!' -f /etc/httpd/conf.d/mod_reqtimeout.conf ']'
  + cp /opt/elasticbeanstalk/containerfiles/mod_reqtimeout.conf /etc/httpd/conf.d/mod_reqtimeout.conf
[2018-09-01T20:02:51.783Z] INFO  [2289]  - [Initialization/PreInitStage0/PreInitHook/70proxy_logging_dirs.sh] : Starting activity...
[2018-09-01T20:02:51.794Z] INFO  [2289]  - [Initialization/PreInitStage0/PreInitHook/70proxy_logging_dirs.sh] : Completed activity. Result:
  + mkdir -p /var/log/httpd
  + chmod -R 755 /var/log/httpd
  + '[' -d /etc/healthd ']'
  + mkdir -p /var/log/nginx/healthd
  + chown -R nginx:nginx /var/log/nginx/healthd
  + mkdir -p /var/log/httpd/healthd
[2018-09-01T20:02:51.795Z] INFO  [2289]  - [Initialization/PreInitStage0/PreInitHook/80httpd.sh] : Starting activity...
[2018-09-01T20:02:51.800Z] INFO  [2289]  - [Initialization/PreInitStage0/PreInitHook/80httpd.sh] : Completed activity. Result:
  + rm -f /etc/logrotate.d/httpd
[2018-09-01T20:02:51.801Z] INFO  [2289]  - [Initialization/PreInitStage0/PreInitHook] : Completed activity. Result:
  Successfully execute hooks in directory /opt/elasticbeanstalk/hooks/preinit.
[2018-09-01T20:02:51.801Z] INFO  [2289]  - [Initialization/PreInitStage0] : Completed activity. Result:
  Initialization - Command CMD-PreInit stage 0 completed
[2018-09-01T20:02:51.801Z] INFO  [2289]  - [Initialization/AddonsAfter] : Starting activity...
[2018-09-01T20:02:51.801Z] INFO  [2289]  - [Initialization/AddonsAfter] : Completed activity.
[2018-09-01T20:02:51.801Z] INFO  [2289]  - [Initialization] : Completed activity. Result:
  Initialization - Command CMD-PreInit succeeded
******************* End of taillog *******************


[2018-09-01T20:02:52.803Z] Tailing /var/log/eb-tools.log

******************* eb-tools taillog *******************
***eb-tools is not available yet.***
******************* End of taillog *******************


[2018-09-01T20:02:52.817Z] Tailing /var/log/eb-version-deployment.log

******************* eb-version-deployment taillog *******************
***eb-version-deployment is not available yet.***
******************* End of taillog *******************


[2018-09-01T20:02:52.832Z] Tailing /var/log/cfn-init.log

******************* cfn-init taillog *******************
2018-09-01 20:02:37,058 [INFO] -----------------------Starting build-----------------------
2018-09-01 20:02:37,072 [INFO] Running configSets: _OnInstanceBoot
2018-09-01 20:02:37,083 [INFO] Running configSet _OnInstanceBoot
2018-09-01 20:02:37,093 [INFO] Running config AWSEBBaseConfig
2018-09-01 20:02:37,104 [INFO] Command clearbackupfiles succeeded
2018-09-01 20:02:37,116 [INFO] Running config AWSEBMessageOfTheDay
2018-09-01 20:02:37,125 [INFO] Command 01clearoriginal succeeded
2018-09-01 20:02:37,134 [INFO] Command 02createbanner succeeded
2018-09-01 20:02:37,155 [INFO] Command 03updatebanner succeeded
2018-09-01 20:02:37,168 [INFO] Running config AWSEBULimitConfig
2018-09-01 20:02:37,176 [INFO] Command 00removebackup succeeded
2018-09-01 20:02:37,187 [INFO] Running config Infra-InstallContainerHooksPkg
2018-09-01 20:02:37,195 [INFO] Command 00mkdir succeeded
2018-09-01 20:02:37,453 [INFO] Command 01download_container_hooks succeeded
2018-09-01 20:02:37,468 [INFO] Command 02install_container_hooks succeeded
2018-09-01 20:02:37,475 [INFO] Command 03cleanup succeeded
2018-09-01 20:02:37,487 [INFO] Running config Infra-WriteLeaderTestScript
2018-09-01 20:02:37,498 [INFO] Running config Infra-WriteTailLogsConf
2018-09-01 20:02:37,508 [INFO] Running config Infra-WriteSystemTailLogsConf
2018-09-01 20:02:37,519 [INFO] Running config Infra-WriteBundleLogsConf
2018-09-01 20:02:37,530 [INFO] Running config Infra-WritePublishLogsConf
2018-09-01 20:02:37,538 [INFO] Running config Infra-WritePublishLogsCron
2018-09-01 20:02:37,542 [INFO] ConfigSets completed
2018-09-01 20:02:37,542 [INFO] -----------------------Build complete-----------------------
******************* End of taillog *******************


[2018-09-01T20:02:52.837Z] Tailing /var/log/cfn-hup.log

******************* cfn-hup taillog *******************
2018-09-01 20:02:39,946 [DEBUG] CloudFormation client initialized with endpoint https://cloudformation.us-west-2.amazonaws.com
2018-09-01 20:02:39,947 [DEBUG] SQS client initialized with endpoint https://us-west-2.queue.amazonaws.com
2018-09-01 20:02:39,947 [DEBUG] CloudFormation client initialized with endpoint https://cloudformation.us-west-2.amazonaws.com
2018-09-01 20:02:39,947 [DEBUG] Enabled single threading mode.
2018-09-01 20:02:39,947 [DEBUG] Creating /var/lib/cfn-hup/data
2018-09-01 20:02:39,964 [INFO] No umask value specified in config file. Using the default one: 022
2018-09-01 20:02:40,026 [DEBUG] Registering listener i-09b8fd177925f2007 for stack arn:aws:cloudformation:us-west-2:970269474306:stack/awseb-e-fnb2kberzb-stack/c3df3860-ae21-11e8-b423-06dcf5c4ac1e
2018-09-01 20:02:40,390 [INFO] Refreshing listener credentials
2018-09-01 20:02:40,393 [DEBUG] Get listener credentials for listener i-09b8fd177925f2007 in stack arn:aws:cloudformation:us-west-2:970269474306:stack/awseb-e-fnb2kberzb-stack/c3df3860-ae21-11e8-b423-06dcf5c4ac1e
2018-09-01 20:02:40,510 [INFO] Scheduling next credential refresh in 7200 seconds
2018-09-01 20:02:40,511 [DEBUG] Receiving messages for queue https://us-west-2.queue.amazonaws.com/520209054035/b889f8a7afc35ef499079dc9ce343e48e1b03cf47547c88832859991b36ec374
******************* End of taillog *******************


[2018-09-01T20:02:52.852Z] Completed EB Bootstrapping Script.
+ exit 0
